INFO 2025-03-06 00:21:15,101 basehttp "GET /api/classes/aymen HTTP/1.1" 301 0
INFO 2025-03-06 00:21:15,118 basehttp "GET /api/classes/aymen/ HTTP/1.1" 200 199
INFO 2025-03-06 00:21:38,687 autoreload /app/base/views.py changed, reloading.
INFO 2025-03-06 00:21:39,306 autoreload Watching for file changes with StatReloader
INFO 2025-03-06 00:26:22,499 autoreload /app/base/views.py changed, reloading.
INFO 2025-03-06 00:26:24,164 autoreload Watching for file changes with StatReloader
INFO 2025-03-06 00:26:59,018 autoreload /app/backend/urls.py changed, reloading.
INFO 2025-03-06 00:26:59,693 autoreload Watching for file changes with StatReloader
INFO 2025-03-06 00:27:15,313 autoreload /app/base/urls.py changed, reloading.
INFO 2025-03-06 00:27:15,840 autoreload Watching for file changes with StatReloader
INFO 2025-03-06 00:29:35,055 autoreload Watching for file changes with StatReloader
INFO 2025-03-06 00:31:24,582 autoreload /app/base/views.py changed, reloading.
INFO 2025-03-06 00:31:25,255 autoreload Watching for file changes with StatReloader
INFO 2025-03-06 00:31:34,271 autoreload /app/base/serializers.py changed, reloading.
INFO 2025-03-06 00:31:34,790 autoreload Watching for file changes with StatReloader
INFO 2025-03-06 00:31:36,704 autoreload /app/base/serializers.py changed, reloading.
INFO 2025-03-06 00:31:37,207 autoreload Watching for file changes with StatReloader
INFO 2025-03-06 00:31:56,610 autoreload /app/base/views.py changed, reloading.
INFO 2025-03-06 00:31:57,235 autoreload Watching for file changes with StatReloader
INFO 2025-03-06 00:32:02,214 autoreload /app/base/views.py changed, reloading.
INFO 2025-03-06 00:32:02,741 autoreload Watching for file changes with StatReloader
INFO 2025-03-06 00:32:06,484 autoreload /app/base/views.py changed, reloading.
INFO 2025-03-06 00:32:07,008 autoreload Watching for file changes with StatReloader
INFO 2025-03-06 00:32:08,858 autoreload /app/base/views.py changed, reloading.
INFO 2025-03-06 00:32:09,417 autoreload Watching for file changes with StatReloader
WARNING 2025-03-06 00:32:25,785 log Method Not Allowed: /api/token/
WARNING 2025-03-06 00:32:25,787 basehttp "GET /api/token/ HTTP/1.1" 405 7662
ERROR 2025-03-06 00:32:29,204 log Internal Server Error: /api/token/
Traceback (most recent call last):
  File "/usr/local/lib/python3.10/site-packages/django/core/handlers/exception.py", line 55, in inner
    response = get_response(request)
  File "/usr/local/lib/python3.10/site-packages/django/core/handlers/base.py", line 197, in _get_response
    response = wrapped_callback(request, *callback_args, **callback_kwargs)
  File "/usr/local/lib/python3.10/site-packages/django/views/decorators/csrf.py", line 65, in _view_wrapper
    return view_func(request, *args, **kwargs)
  File "/usr/local/lib/python3.10/site-packages/django/views/generic/base.py", line 104, in view
    return self.dispatch(request, *args, **kwargs)
  File "/usr/local/lib/python3.10/site-packages/rest_framework/views.py", line 509, in dispatch
    response = self.handle_exception(exc)
  File "/usr/local/lib/python3.10/site-packages/rest_framework/views.py", line 469, in handle_exception
    self.raise_uncaught_exception(exc)
  File "/usr/local/lib/python3.10/site-packages/rest_framework/views.py", line 480, in raise_uncaught_exception
    raise exc
  File "/usr/local/lib/python3.10/site-packages/rest_framework/views.py", line 506, in dispatch
    response = handler(request, *args, **kwargs)
  File "/usr/local/lib/python3.10/site-packages/rest_framework_simplejwt/views.py", line 44, in post
    serializer.is_valid(raise_exception=True)
  File "/usr/local/lib/python3.10/site-packages/rest_framework/serializers.py", line 223, in is_valid
    self._validated_data = self.run_validation(self.initial_data)
  File "/usr/local/lib/python3.10/site-packages/rest_framework/serializers.py", line 445, in run_validation
    value = self.validate(value)
  File "/app/base/serializers.py", line 10, in validate
    data['username'] = self.user.username
AttributeError: 'CustomUser' object has no attribute 'username'
ERROR 2025-03-06 00:32:29,218 basehttp "POST /api/token/ HTTP/1.1" 500 102737
INFO 2025-03-06 00:32:46,318 autoreload /app/base/serializers.py changed, reloading.
INFO 2025-03-06 00:32:46,866 autoreload Watching for file changes with StatReloader
INFO 2025-03-06 00:32:52,011 autoreload /app/base/serializers.py changed, reloading.
INFO 2025-03-06 00:32:52,679 autoreload Watching for file changes with StatReloader
INFO 2025-03-06 00:33:15,717 autoreload /app/base/serializers.py changed, reloading.
INFO 2025-03-06 00:33:16,309 autoreload Watching for file changes with StatReloader
INFO 2025-03-06 00:33:19,097 autoreload /app/base/serializers.py changed, reloading.
INFO 2025-03-06 00:33:19,628 autoreload Watching for file changes with StatReloader
INFO 2025-03-06 00:33:24,550 autoreload /app/base/serializers.py changed, reloading.
INFO 2025-03-06 00:33:25,125 autoreload Watching for file changes with StatReloader
INFO 2025-03-06 00:33:27,955 autoreload /app/base/serializers.py changed, reloading.
INFO 2025-03-06 00:33:28,467 autoreload Watching for file changes with StatReloader
INFO 2025-03-06 00:33:31,291 autoreload /app/base/serializers.py changed, reloading.
INFO 2025-03-06 00:33:31,972 autoreload Watching for file changes with StatReloader
INFO 2025-03-06 00:33:34,320 autoreload /app/base/serializers.py changed, reloading.
INFO 2025-03-06 00:33:34,779 autoreload Watching for file changes with StatReloader
INFO 2025-03-06 00:33:38,226 autoreload /app/base/serializers.py changed, reloading.
INFO 2025-03-06 00:33:38,704 autoreload Watching for file changes with StatReloader
INFO 2025-03-06 00:33:42,552 autoreload /app/base/serializers.py changed, reloading.
INFO 2025-03-06 00:33:43,148 autoreload Watching for file changes with StatReloader
INFO 2025-03-06 00:33:44,913 autoreload /app/base/serializers.py changed, reloading.
INFO 2025-03-06 00:33:45,457 autoreload Watching for file changes with StatReloader
INFO 2025-03-06 00:33:55,611 autoreload /app/base/serializers.py changed, reloading.
INFO 2025-03-06 00:33:56,145 autoreload Watching for file changes with StatReloader
INFO 2025-03-06 00:33:57,915 autoreload /app/base/serializers.py changed, reloading.
INFO 2025-03-06 00:33:58,516 autoreload Watching for file changes with StatReloader
INFO 2025-03-06 00:34:03,011 basehttp "POST /api/token/ HTTP/1.1" 200 8281
INFO 2025-03-06 00:37:12,074 autoreload /app/base/serializers.py changed, reloading.
INFO 2025-03-06 00:37:13,048 autoreload Watching for file changes with StatReloader
INFO 2025-03-06 00:37:18,602 autoreload /app/base/serializers.py changed, reloading.
INFO 2025-03-06 00:37:19,154 autoreload Watching for file changes with StatReloader
INFO 2025-03-06 00:37:23,123 autoreload /app/base/serializers.py changed, reloading.
INFO 2025-03-06 00:37:23,685 autoreload Watching for file changes with StatReloader
INFO 2025-03-06 00:37:31,167 autoreload /app/base/serializers.py changed, reloading.
INFO 2025-03-06 00:37:31,623 autoreload Watching for file changes with StatReloader
INFO 2025-03-06 00:37:36,031 autoreload /app/base/serializers.py changed, reloading.
INFO 2025-03-06 00:37:36,597 autoreload Watching for file changes with StatReloader
INFO 2025-03-06 00:37:48,191 autoreload /app/base/serializers.py changed, reloading.
INFO 2025-03-06 00:37:48,720 autoreload Watching for file changes with StatReloader
INFO 2025-03-06 00:37:52,602 autoreload /app/base/serializers.py changed, reloading.
INFO 2025-03-06 00:37:53,229 autoreload Watching for file changes with StatReloader
INFO 2025-03-06 00:37:55,113 autoreload /app/base/serializers.py changed, reloading.
INFO 2025-03-06 00:37:55,619 autoreload Watching for file changes with StatReloader
INFO 2025-03-06 00:38:02,669 autoreload /app/base/serializers.py changed, reloading.
INFO 2025-03-06 00:38:03,291 autoreload Watching for file changes with StatReloader
INFO 2025-03-06 00:38:46,110 autoreload /app/base/views.py changed, reloading.
INFO 2025-03-06 00:38:46,694 autoreload Watching for file changes with StatReloader
INFO 2025-03-06 00:39:14,864 autoreload /app/base/views.py changed, reloading.
INFO 2025-03-06 00:39:15,438 autoreload Watching for file changes with StatReloader
INFO 2025-03-06 00:41:39,252 autoreload /app/base/views.py changed, reloading.
INFO 2025-03-06 00:41:39,931 autoreload Watching for file changes with StatReloader
INFO 2025-03-06 00:41:41,933 autoreload /app/base/views.py changed, reloading.
INFO 2025-03-06 00:41:42,464 autoreload Watching for file changes with StatReloader
INFO 2025-03-06 00:41:54,009 basehttp "OPTIONS /api/students/by_classroom/6 HTTP/1.1" 200 0
INFO 2025-03-06 00:41:54,011 basehttp "OPTIONS /api/subjects/ HTTP/1.1" 200 0
INFO 2025-03-06 00:41:54,030 basehttp "GET /api/students/by_classroom/6 HTTP/1.1" 301 0
INFO 2025-03-06 00:41:54,048 basehttp "OPTIONS /api/students/by_classroom/6/ HTTP/1.1" 200 0
INFO 2025-03-06 00:41:54,068 basehttp "GET /api/subjects/ HTTP/1.1" 200 107
INFO 2025-03-06 00:41:54,086 basehttp "GET /api/students/by_classroom/6/ HTTP/1.1" 200 9429
INFO 2025-03-06 00:42:05,839 basehttp "OPTIONS /api/attendances/bulk_create/ HTTP/1.1" 200 0
INFO 2025-03-06 00:42:06,727 basehttp "POST /api/attendances/bulk_create/ HTTP/1.1" 201 10180
INFO 2025-03-06 00:42:08,591 basehttp "OPTIONS /api/classes/ HTTP/1.1" 200 0
INFO 2025-03-06 00:42:08,605 basehttp "GET /api/classes/ HTTP/1.1" 200 199
